Vivado Simulator 2019.1
Time resolution is 1 ps
Begin verification of hamming windows ... 
$cos(0.000) = 0.077
$cos(0.025) = 0.077
$cos(0.049) = 0.077
$cos(0.074) = 0.078
$cos(0.099) = 0.079
$cos(0.123) = 0.080
$cos(0.148) = 0.082
$cos(0.172) = 0.084
$cos(0.197) = 0.086
$cos(0.222) = 0.088
$cos(0.246) = 0.091
$cos(0.271) = 0.094
$cos(0.296) = 0.097
$cos(0.320) = 0.100
$cos(0.345) = 0.104
$cos(0.370) = 0.108
$cos(0.394) = 0.112
$cos(0.419) = 0.117
$cos(0.444) = 0.121
$cos(0.468) = 0.126
$cos(0.493) = 0.132
$cos(0.517) = 0.137
$cos(0.542) = 0.143
$cos(0.567) = 0.149
$cos(0.591) = 0.155
$cos(0.616) = 0.162
$cos(0.641) = 0.168
$cos(0.665) = 0.175
$cos(0.690) = 0.182
$cos(0.715) = 0.190
$cos(0.739) = 0.197
$cos(0.764) = 0.205
$cos(0.788) = 0.213
$cos(0.813) = 0.221
$cos(0.838) = 0.229
$cos(0.862) = 0.238
$cos(0.887) = 0.247
$cos(0.912) = 0.256
$cos(0.936) = 0.265
$cos(0.961) = 0.274
$cos(0.986) = 0.283
$cos(1.010) = 0.293
$cos(1.035) = 0.303
$cos(1.059) = 0.312
$cos(1.084) = 0.322
$cos(1.109) = 0.333
$cos(1.133) = 0.343
$cos(1.158) = 0.353
$cos(1.183) = 0.364
$cos(1.207) = 0.374
$cos(1.232) = 0.385
$cos(1.257) = 0.396
$cos(1.281) = 0.407
$cos(1.306) = 0.417
$cos(1.331) = 0.429
$cos(1.355) = 0.440
$cos(1.380) = 0.451
$cos(1.404) = 0.462
$cos(1.429) = 0.473
$cos(1.454) = 0.484
$cos(1.478) = 0.496
$cos(1.503) = 0.507
$cos(1.528) = 0.518
$cos(1.552) = 0.530
$cos(1.577) = 0.541
$cos(1.602) = 0.553
$cos(1.626) = 0.564
$cos(1.651) = 0.575
$cos(1.675) = 0.587
$cos(1.700) = 0.598
$cos(1.725) = 0.609
$cos(1.749) = 0.620
$cos(1.774) = 0.632
$cos(1.799) = 0.643
$cos(1.823) = 0.654
$cos(1.848) = 0.665
$cos(1.873) = 0.676
$cos(1.897) = 0.686
$cos(1.922) = 0.697
$cos(1.946) = 0.708
$cos(1.971) = 0.718
$cos(1.996) = 0.729
$cos(2.020) = 0.739
$cos(2.045) = 0.749
$cos(2.070) = 0.759
$cos(2.094) = 0.769
$cos(2.119) = 0.779
$cos(2.144) = 0.789
$cos(2.168) = 0.798
$cos(2.193) = 0.807
$cos(2.218) = 0.817
$cos(2.242) = 0.826
$cos(2.267) = 0.834
$cos(2.291) = 0.843
$cos(2.316) = 0.851
$cos(2.341) = 0.860
$cos(2.365) = 0.868
$cos(2.390) = 0.876
$cos(2.415) = 0.883
$cos(2.439) = 0.891
$cos(2.464) = 0.898
$cos(2.489) = 0.905
$cos(2.513) = 0.912
$cos(2.538) = 0.918
$cos(2.562) = 0.925
$cos(2.587) = 0.931
$cos(2.612) = 0.937
$cos(2.636) = 0.942
$cos(2.661) = 0.948
$cos(2.686) = 0.953
$cos(2.710) = 0.958
$cos(2.735) = 0.962
$cos(2.760) = 0.967
$cos(2.784) = 0.971
$cos(2.809) = 0.975
$cos(2.834) = 0.978
$cos(2.858) = 0.982
$cos(2.883) = 0.985
$cos(2.907) = 0.987
$cos(2.932) = 0.990
$cos(2.957) = 0.992
$cos(2.981) = 0.994
$cos(3.006) = 0.996
$cos(3.031) = 0.997
$cos(3.055) = 0.998
$cos(3.080) = 0.999
$cos(3.105) = 1.000
$cos(3.129) = 1.000
$cos(3.154) = 1.000
$cos(3.178) = 1.000
$cos(3.203) = 0.999
$cos(3.228) = 0.998
$cos(3.252) = 0.997
$cos(3.277) = 0.996
$cos(3.302) = 0.994
$cos(3.326) = 0.992
$cos(3.351) = 0.990
$cos(3.376) = 0.987
$cos(3.400) = 0.985
$cos(3.425) = 0.982
$cos(3.449) = 0.978
$cos(3.474) = 0.975
$cos(3.499) = 0.971
$cos(3.523) = 0.967
$cos(3.548) = 0.962
$cos(3.573) = 0.958
$cos(3.597) = 0.953
$cos(3.622) = 0.948
$cos(3.647) = 0.942
$cos(3.671) = 0.937
$cos(3.696) = 0.931
$cos(3.721) = 0.925
$cos(3.745) = 0.918
$cos(3.770) = 0.912
$cos(3.794) = 0.905
$cos(3.819) = 0.898
$cos(3.844) = 0.891
$cos(3.868) = 0.883
$cos(3.893) = 0.876
$cos(3.918) = 0.868
$cos(3.942) = 0.860
$cos(3.967) = 0.852
$cos(3.992) = 0.843
$cos(4.016) = 0.834
$cos(4.041) = 0.826
$cos(4.065) = 0.817
$cos(4.090) = 0.807
$cos(4.115) = 0.798
$cos(4.139) = 0.789
$cos(4.164) = 0.779
$cos(4.189) = 0.769
$cos(4.213) = 0.759
$cos(4.238) = 0.749
$cos(4.263) = 0.739
$cos(4.287) = 0.729
$cos(4.312) = 0.718
$cos(4.337) = 0.708
$cos(4.361) = 0.697
$cos(4.386) = 0.686
$cos(4.410) = 0.676
$cos(4.435) = 0.665
$cos(4.460) = 0.654
$cos(4.484) = 0.643
$cos(4.509) = 0.632
$cos(4.534) = 0.620
$cos(4.558) = 0.609
$cos(4.583) = 0.598
$cos(4.608) = 0.587
$cos(4.632) = 0.575
$cos(4.657) = 0.564
$cos(4.681) = 0.553
$cos(4.706) = 0.541
$cos(4.731) = 0.530
$cos(4.755) = 0.519
$cos(4.780) = 0.507
$cos(4.805) = 0.496
$cos(4.829) = 0.485
$cos(4.854) = 0.473
$cos(4.879) = 0.462
$cos(4.903) = 0.451
$cos(4.928) = 0.440
$cos(4.952) = 0.429
$cos(4.977) = 0.418
$cos(5.002) = 0.407
$cos(5.026) = 0.396
$cos(5.051) = 0.385
$cos(5.076) = 0.374
$cos(5.100) = 0.364
$cos(5.125) = 0.353
$cos(5.150) = 0.343
$cos(5.174) = 0.333
$cos(5.199) = 0.323
$cos(5.224) = 0.313
$cos(5.248) = 0.303
$cos(5.273) = 0.293
$cos(5.297) = 0.283
$cos(5.322) = 0.274
$cos(5.347) = 0.265
$cos(5.371) = 0.256
$cos(5.396) = 0.247
$cos(5.421) = 0.238
$cos(5.445) = 0.230
$cos(5.470) = 0.221
$cos(5.495) = 0.213
$cos(5.519) = 0.205
$cos(5.544) = 0.197
$cos(5.568) = 0.190
$cos(5.593) = 0.182
$cos(5.618) = 0.175
$cos(5.642) = 0.168
$cos(5.667) = 0.162
$cos(5.692) = 0.155
$cos(5.716) = 0.149
$cos(5.741) = 0.143
$cos(5.766) = 0.137
$cos(5.790) = 0.132
$cos(5.815) = 0.126
$cos(5.839) = 0.121
$cos(5.864) = 0.117
$cos(5.889) = 0.112
$cos(5.913) = 0.108
$cos(5.938) = 0.104
$cos(5.963) = 0.100
$cos(5.987) = 0.097
$cos(6.012) = 0.094
$cos(6.037) = 0.091
$cos(6.061) = 0.088
$cos(6.086) = 0.086
$cos(6.111) = 0.084
$cos(6.135) = 0.082
$cos(6.160) = 0.080
$cos(6.184) = 0.079
$cos(6.209) = 0.078
$cos(6.234) = 0.077
$cos(6.258) = 0.077
Warning: OPMODE Input Warning : The OPMODE 0110X0X with CARRYINSEL  000 to DSP48E1 instance is invalid.
Time: 135 ns  Iteration: 4  Process: /ham_tb/design_1_wrapper_inst/design_1_i/cos_cos_mult_2/U0/i_synth/addsub_op/ADDSUB/dsp/OP/dsp48e1_body/ALIGN_ADD/DSP2/DSP/prcs_opmode_drc  File: C:\Xilinx\Vivado\2019.1\data/vhdl/src/unisims/primitive/DSP48E1.vhd
Warning: OPMODE Input Warning : The OPMODE 0110X0X with CARRYINSEL  000 to DSP48E1 instance is invalid.
Time: 135 ns  Iteration: 4  Process: /ham_tb/design_1_wrapper_inst/design_1_i/subtract_0_54/U0/i_synth/addsub_op/ADDSUB/dsp/OP/dsp48e1_body/ALIGN_ADD/DSP2/DSP/prcs_opmode_drc  File: C:\Xilinx\Vivado\2019.1\data/vhdl/src/unisims/primitive/DSP48E1.vhd
TEST PASSED
